<?xml version="1.0" encoding="UTF-8"?>
<!-- Generated by org.testng.reporters.JUnitXMLReporter -->
<testsuite ignored="0" hostname="DESKTOP-PVK67FC" failures="0" tests="3" name="Default test" time="44.484" errors="0" timestamp="24 Dec 2021 09:27:56 GMT">
  <testcase classname="Package2.BuyProductTestcase" name="Usercansearchwithautosuggest" time="8.356"/>
  <testcase classname="Package2.BuyProductTestcase" name="Usercanaddproductinthecart" time="2.814"/>
  <testcase classname="Package2.BuyProductTestcase" name="Confirm" time="10.235"/>
</testsuite> <!-- Default test -->
