<?xml version="1.0" encoding="UTF-8"?>
<!-- Generated by org.testng.reporters.JUnitXMLReporter -->
<testsuite ignored="0" hostname="DESKTOP-PVK67FC" failures="0" tests="3" name="Regression Test" time="57.742" errors="0" timestamp="04 Feb 2022 21:26:17 GMT">
  <testcase classname="Package2.BuyProductTestcase" name="Usercansearchwithautosuggest" time="14.681"/>
  <testcase classname="Package2.BuyProductTestcase" name="Usercanaddproductinthecart" time="4.364"/>
  <testcase classname="Package2.BuyProductTestcase" name="Confirm" time="14.065"/>
</testsuite> <!-- Regression Test -->
