<?xml version="1.0" encoding="UTF-8"?>
<testng-results ignored="0" total="1" passed="1" failed="0" skipped="0">
  <reporter-output>
  </reporter-output>
  <suite started-at="2021-12-24T09:49:26Z" name="Suite" finished-at="2021-12-24T09:49:48Z" duration-ms="21340">
    <groups>
    </groups>
    <test started-at="2021-12-24T09:49:26Z" name="Regression Test" finished-at="2021-12-24T09:49:48Z" duration-ms="21340">
      <class name="Package2.RegisterationTestcase">
        <test-method is-config="true" signature="Startdriver(java.lang.String)[pri:0, instance:Package2.RegisterationTestcase@75db5df9]" started-at="2021-12-24T09:49:26Z" name="Startdriver" finished-at="2021-12-24T09:49:32Z" duration-ms="5446" status="PASS">
          <params>
            <param index="0">
              <value>
                <![CDATA[chrome]]>
              </value>
            </param>
          </params>
          <reporter-output>
          </reporter-output>
        </test-method> <!-- Startdriver -->
        <test-method signature="userregisterationsuccessfully()[pri:0, instance:Package2.RegisterationTestcase@75db5df9]" started-at="2021-12-24T09:49:32Z" name="userregisterationsuccessfully" finished-at="2021-12-24T09:49:39Z" duration-ms="7488" status="PASS">
          <reporter-output>
          </reporter-output>
        </test-method> <!-- userregisterationsuccessfully -->
        <test-method is-config="true" signature="screenshot()[pri:0, instance:Package2.RegisterationTestcase@75db5df9]" started-at="2021-12-24T09:49:39Z" name="screenshot" finished-at="2021-12-24T09:49:47Z" duration-ms="7588" status="PASS">
          <reporter-output>
          </reporter-output>
        </test-method> <!-- screenshot -->
        <test-method is-config="true" signature="closetest()[pri:0, instance:Package2.RegisterationTestcase@75db5df9]" started-at="2021-12-24T09:49:47Z" name="closetest" finished-at="2021-12-24T09:49:48Z" duration-ms="789" status="PASS">
          <reporter-output>
          </reporter-output>
        </test-method> <!-- closetest -->
      </class> <!-- Package2.RegisterationTestcase -->
    </test> <!-- Regression Test -->
  </suite> <!-- Suite -->
</testng-results>
