<?xml version="1.0" encoding="UTF-8"?>
<testng-results ignored="0" total="3" passed="2" failed="1" skipped="0">
  <reporter-output>
  </reporter-output>
  <suite started-at="2021-12-22T02:02:11Z" name="Default suite" finished-at="2021-12-22T02:02:50Z" duration-ms="39538">
    <groups>
    </groups>
    <test started-at="2021-12-22T02:02:11Z" name="Default test" finished-at="2021-12-22T02:02:50Z" duration-ms="39538">
      <class name="Package2.BuyProductTestcase">
        <test-method is-config="true" signature="Essentialtest()[pri:0, instance:Package2.BuyProductTestcase@46271dd6]" started-at="2021-12-22T02:02:11Z" name="Essentialtest" finished-at="2021-12-22T02:02:17Z" duration-ms="5938" status="PASS">
          <reporter-output>
          </reporter-output>
        </test-method> <!-- Essentialtest -->
        <test-method signature="Usercansearchwithautosuggest()[pri:1, instance:Package2.BuyProductTestcase@46271dd6]" started-at="2021-12-22T02:02:17Z" name="Usercansearchwithautosuggest" finished-at="2021-12-22T02:02:31Z" duration-ms="14148" status="PASS">
          <reporter-output>
          </reporter-output>
        </test-method> <!-- Usercansearchwithautosuggest -->
        <test-method is-config="true" signature="screenshot()[pri:0, instance:Package2.BuyProductTestcase@46271dd6]" started-at="2021-12-22T02:02:31Z" name="screenshot" finished-at="2021-12-22T02:02:38Z" duration-ms="7083" status="PASS">
          <reporter-output>
          </reporter-output>
        </test-method> <!-- screenshot -->
        <test-method signature="Usercanaddproductinthecart()[pri:2, instance:Package2.BuyProductTestcase@46271dd6]" started-at="2021-12-22T02:02:38Z" name="Usercanaddproductinthecart" finished-at="2021-12-22T02:02:42Z" depends-on-methods="Package2.BuyProductTestcase.Usercansearchwithautosuggest" duration-ms="3730" status="PASS">
          <reporter-output>
          </reporter-output>
        </test-method> <!-- Usercanaddproductinthecart -->
        <test-method is-config="true" signature="screenshot()[pri:0, instance:Package2.BuyProductTestcase@46271dd6]" started-at="2021-12-22T02:02:42Z" name="screenshot" finished-at="2021-12-22T02:02:46Z" duration-ms="3693" status="PASS">
          <reporter-output>
          </reporter-output>
        </test-method> <!-- screenshot -->
        <test-method signature="Confirm()[pri:3, instance:Package2.BuyProductTestcase@46271dd6]" started-at="2021-12-22T02:02:46Z" name="Confirm" finished-at="2021-12-22T02:02:46Z" depends-on-methods="Package2.BuyProductTestcase.Usercanaddproductinthecart" duration-ms="204" status="FAIL">
          <exception class="org.openqa.selenium.NoSuchElementException">
            <message>
              <![CDATA[no such element: Unable to locate element: {"method":"css selector","selector":"#BillingNewAddress_CountryId"}
  (Session info: chrome=96.0.4664.110)
For documentation on this error, please visit: https://www.seleniumhq.org/exceptions/no_such_element.html
Build info: version: '3.141.59', revision: 'e82be7d358', time: '2018-11-14T08:17:03'
System info: host: 'DESKTOP-PVK67FC', ip: '192.168.1.152', os.name: 'Windows 10', os.arch: 'amd64', os.version: '10.0', java.version: '11.0.12'
Driver info: org.openqa.selenium.chrome.ChromeDriver
Capabilities {acceptInsecureCerts: false, browserName: chrome, browserVersion: 96.0.4664.110, chrome: {chromedriverVersion: 96.0.4664.45 (76e4c1bb2ab46..., userDataDir: C:\Users\Motasem\AppData\Lo...}, goog:chromeOptions: {debuggerAddress: localhost:51118}, javascriptEnabled: true, networkConnectionEnabled: false, pageLoadStrategy: normal, platform: WINDOWS, platformName: WINDOWS, proxy: Proxy(), setWindowRect: true, strictFileInteractability: false, timeouts: {implicit: 0, pageLoad: 300000, script: 30000}, unhandledPromptBehavior: dismiss and notify, webauthn:extension:credBlob: true, webauthn:extension:largeBlob: true, webauthn:virtualAuthenticators: true}
Session ID: baa72ffaf810ee8351996d0faa9c78d4
*** Element info: {Using=id, value=BillingNewAddress_CountryId}]]>
            </message>
            <full-stacktrace>
              <![CDATA[org.openqa.selenium.NoSuchElementException: no such element: Unable to locate element: {"method":"css selector","selector":"#BillingNewAddress_CountryId"}
  (Session info: chrome=96.0.4664.110)
For documentation on this error, please visit: https://www.seleniumhq.org/exceptions/no_such_element.html
Build info: version: '3.141.59', revision: 'e82be7d358', time: '2018-11-14T08:17:03'
System info: host: 'DESKTOP-PVK67FC', ip: '192.168.1.152', os.name: 'Windows 10', os.arch: 'amd64', os.version: '10.0', java.version: '11.0.12'
Driver info: org.openqa.selenium.chrome.ChromeDriver
Capabilities {acceptInsecureCerts: false, browserName: chrome, browserVersion: 96.0.4664.110, chrome: {chromedriverVersion: 96.0.4664.45 (76e4c1bb2ab46..., userDataDir: C:\Users\Motasem\AppData\Lo...}, goog:chromeOptions: {debuggerAddress: localhost:51118}, javascriptEnabled: true, networkConnectionEnabled: false, pageLoadStrategy: normal, platform: WINDOWS, platformName: WINDOWS, proxy: Proxy(), setWindowRect: true, strictFileInteractability: false, timeouts: {implicit: 0, pageLoad: 300000, script: 30000}, unhandledPromptBehavior: dismiss and notify, webauthn:extension:credBlob: true, webauthn:extension:largeBlob: true, webauthn:virtualAuthenticators: true}
Session ID: baa72ffaf810ee8351996d0faa9c78d4
*** Element info: {Using=id, value=BillingNewAddress_CountryId}
at java.base/jdk.internal.reflect.NativeConstructorAccessorImpl.newInstance0(Native Method)
at java.base/jdk.internal.reflect.NativeConstructorAccessorImpl.newInstance(NativeConstructorAccessorImpl.java:62)
at java.base/jdk.internal.reflect.DelegatingConstructorAccessorImpl.newInstance(DelegatingConstructorAccessorImpl.java:45)
at java.base/java.lang.reflect.Constructor.newInstance(Constructor.java:490)
at org.openqa.selenium.remote.http.W3CHttpResponseCodec.createException(W3CHttpResponseCodec.java:187)
at org.openqa.selenium.remote.http.W3CHttpResponseCodec.decode(W3CHttpResponseCodec.java:122)
at org.openqa.selenium.remote.http.W3CHttpResponseCodec.decode(W3CHttpResponseCodec.java:49)
at org.openqa.selenium.remote.HttpCommandExecutor.execute(HttpCommandExecutor.java:158)
at org.openqa.selenium.remote.service.DriverCommandExecutor.execute(DriverCommandExecutor.java:83)
at org.openqa.selenium.remote.RemoteWebDriver.execute(RemoteWebDriver.java:552)
at org.openqa.selenium.remote.RemoteWebDriver.findElement(RemoteWebDriver.java:323)
at org.openqa.selenium.remote.RemoteWebDriver.findElementById(RemoteWebDriver.java:372)
at org.openqa.selenium.By$ById.findElement(By.java:188)
at org.openqa.selenium.remote.RemoteWebDriver.findElement(RemoteWebDriver.java:315)
at Package.ShoppingCartPage.Chectoutdetails(ShoppingCartPage.java:26)
at Package2.BuyProductTestcase.Confirm(BuyProductTestcase.java:49)
at java.base/jdk.internal.reflect.NativeMethodAccessorImpl.invoke0(Native Method)
at java.base/jdk.internal.reflect.NativeMethodAccessorImpl.invoke(NativeMethodAccessorImpl.java:62)
at java.base/jdk.internal.reflect.DelegatingMethodAccessorImpl.invoke(DelegatingMethodAccessorImpl.java:43)
at java.base/java.lang.reflect.Method.invoke(Method.java:566)
at org.testng.internal.MethodInvocationHelper.invokeMethod(MethodInvocationHelper.java:124)
at org.testng.internal.Invoker.invokeMethod(Invoker.java:583)
at org.testng.internal.Invoker.invokeTestMethod(Invoker.java:719)
at org.testng.internal.Invoker.invokeTestMethods(Invoker.java:989)
at org.testng.internal.TestMethodWorker.invokeTestMethods(TestMethodWorker.java:125)
at org.testng.internal.TestMethodWorker.run(TestMethodWorker.java:109)
at org.testng.TestRunner.privateRun(TestRunner.java:648)
at org.testng.TestRunner.run(TestRunner.java:505)
at org.testng.SuiteRunner.runTest(SuiteRunner.java:455)
at org.testng.SuiteRunner.runSequentially(SuiteRunner.java:450)
at org.testng.SuiteRunner.privateRun(SuiteRunner.java:415)
at org.testng.SuiteRunner.run(SuiteRunner.java:364)
at org.testng.SuiteRunnerWorker.runSuite(SuiteRunnerWorker.java:52)
at org.testng.SuiteRunnerWorker.run(SuiteRunnerWorker.java:84)
at org.testng.TestNG.runSuitesSequentially(TestNG.java:1208)
at org.testng.TestNG.runSuitesLocally(TestNG.java:1137)
at org.testng.TestNG.runSuites(TestNG.java:1049)
at org.testng.TestNG.run(TestNG.java:1017)
at org.testng.remote.AbstractRemoteTestNG.run(AbstractRemoteTestNG.java:115)
at org.testng.remote.RemoteTestNG.initAndRun(RemoteTestNG.java:251)
at org.testng.remote.RemoteTestNG.main(RemoteTestNG.java:77)
]]>
            </full-stacktrace>
          </exception> <!-- org.openqa.selenium.NoSuchElementException -->
          <reporter-output>
          </reporter-output>
        </test-method> <!-- Confirm -->
        <test-method is-config="true" signature="screenshot()[pri:0, instance:Package2.BuyProductTestcase@46271dd6]" started-at="2021-12-22T02:02:46Z" name="screenshot" finished-at="2021-12-22T02:02:50Z" duration-ms="3802" status="PASS">
          <reporter-output>
          </reporter-output>
        </test-method> <!-- screenshot -->
        <test-method is-config="true" signature="closetest()[pri:0, instance:Package2.BuyProductTestcase@46271dd6]" started-at="2021-12-22T02:02:50Z" name="closetest" finished-at="2021-12-22T02:02:50Z" duration-ms="894" status="PASS">
          <reporter-output>
          </reporter-output>
        </test-method> <!-- closetest -->
      </class> <!-- Package2.BuyProductTestcase -->
    </test> <!-- Default test -->
  </suite> <!-- Default suite -->
</testng-results>
